<?xml version="1.0" encoding="UTF-8"?>
<!-- Generated by org.testng.reporters.JUnitReportReporter -->
<testsuite hostname="DESKTOP-E7DT85I" failures="0" tests="1" name="com.app.FirstGetClass" time="2.972" errors="0" timestamp="2023-09-11T13:39:02 IST" skipped="0">
  <testcase classname="com.app.FirstGetClass" name="getTest" time="2.972"/>
  <system-out/>
</testsuite> <!-- com.app.FirstGetClass -->
